Request recieved for /about
Request recieved for /apple-touch-icon-precomposed.png
Request recieved for /apple-touch-icon.png
Request recieved for /favicon.ico
Request recieved for /about
Request recieved for /about
Request recieved for /about
Request recieved for /about
Request recieved for /
Request recieved for /static/media/freya.e33e76236106339c8caa.jpg
Request recieved for /static/js/bundle.js
Request recieved for /
Request recieved for /about
Request recieved for /contact
Request recieved for /contact
Request recieved for /contact
Request recieved for /
Request recieved for /
Request recieved for /
Request recieved for /
Request recieved for /about
Request recieved for /about
Request recieved for /about
Request recieved for /about
Request recieved for /about
Request recieved for /about
Request recieved for /
Request recieved for /contact
Request recieved for /contact
Request recieved for /subscribe
Request recieved for /subscribe
Request recieved for /projects
Request recieved for /product/1
Request recieved for /products
Request recieved for /products
Request recieved for /products
Request recieved for /
Request recieved for /about
Request recieved for /about
Request recieved for /about
Request recieved for /subscribe
Request recieved for /subscribe
Request recieved for /subscribe
Request recieved for /subscribe
Request recieved for /about
